Using pre-set license
Built from '2020.2/staging' branch; Version is '2020.2.7f1 (c53830e277f1) revision 12924976'; Using compiler version '192528614'; Build Type 'Release'
OS: 'Windows 10 Pro; OS build 19042.928; Version 2009; 64bit' Language: 'en' Physical Memory: 32693 MB
BatchMode: 1, IsHumanControllingUs: 0, StartBugReporterOnCrash: 0, Is64bit: 1, IsPro: 0

 COMMAND LINE ARGUMENTS:
C:\Program Files\2020.2.7f1\Editor\Unity.exe
-adb2
-batchMode
-noUpm
-name
AssetImportWorker0
-projectPath
C:/Projektit/unity/PeliDatanHallinta
-logFile
Logs/AssetImportWorker0.log
-srvPort
62887
Successfully changed project path to: C:/Projektit/unity/PeliDatanHallinta
C:/Projektit/unity/PeliDatanHallinta
Using Asset Import Pipeline V2.
Refreshing native plugins compatible for Editor in 14.34 ms, found 0 plugins.
Preloading 0 native plugins for Editor in 0.00 ms.
Initialize engine version: 2020.2.7f1 (c53830e277f1)
[Subsystems] Discovering subsystems at path C:/Program Files/2020.2.7f1/Editor/Data/Resources/UnitySubsystems
[Subsystems] Discovering subsystems at path C:/Projektit/unity/PeliDatanHallinta/Assets
GfxDevice: creating device client; threaded=0
Direct3D:
    Version:  Direct3D 11.0 [level 11.1]
    Renderer: NVIDIA GeForce RTX 3080 (ID=0x2206)
    Vendor:   
    VRAM:     10078 MB
    Driver:   27.21.14.6589
Initialize mono
Mono path[0] = 'C:/Program Files/2020.2.7f1/Editor/Data/Managed'
Mono path[1] = 'C:/Program Files/2020.2.7f1/Editor/Data/MonoBleedingEdge/lib/mono/unityjit'
Mono config path = 'C:/Program Files/2020.2.7f1/Editor/Data/MonoBleedingEdge/etc'
Using monoOptions --debugger-agent=transport=dt_socket,embedding=1,server=y,suspend=n,address=127.0.0.1:56324
Begin MonoManager ReloadAssembly
Registering precompiled unity dll's ...
Register platform support module: C:/Program Files/2020.2.7f1/Editor/Data/PlaybackEngines/WindowsStandaloneSupport/UnityEditor.WindowsStandalone.Extensions.dll
Registered in 0.001329 seconds.
Native extension for WindowsStandalone target not found
Refreshing native plugins compatible for Editor in 14.92 ms, found 0 plugins.
Preloading 0 native plugins for Editor in 0.00 ms.
Invoked RoslynAnalysisRunner static constructor.
RoslynAnalysisRunner will not be running.
RoslynAnalysisRunner has terminated.
Mono: successfully reloaded assembly
- Completed reload, in  1.095 seconds
Platform modules already initialized, skipping
Registering precompiled user dll's ...
Registered in 0.000607 seconds.
Begin MonoManager ReloadAssembly
Native extension for WindowsStandalone target not found
Refreshing native plugins compatible for Editor in 0.18 ms, found 0 plugins.
Preloading 0 native plugins for Editor in 0.00 ms.
Invoked RoslynAnalysisRunner static constructor.
RoslynAnalysisRunner will not be running.
RoslynAnalysisRunner has terminated.
Mono: successfully reloaded assembly
- Completed reload, in  0.496 seconds
Platform modules already initialized, skipping
========================================================================
Worker process is ready to serve import requests
Launched and connected shader compiler UnityShaderCompiler.exe after 0.06 seconds
Refreshing native plugins compatible for Editor in 0.18 ms, found 0 plugins.
Preloading 0 native plugins for Editor in 0.00 ms.
Unloading 1113 Unused Serialized files (Serialized files now loaded: 0)
System memory in use before: 56.9 MB.
System memory in use after: 56.9 MB.

Unloading 10 unused Assets to reduce memory usage. Loaded Objects now: 1555.
Total: 1.337800 ms (FindLiveObjects: 0.089200 ms CreateObjectMapping: 0.025100 ms MarkObjects: 1.167100 ms  DeleteObjects: 0.055800 ms)

========================================================================
Received Import Request.
  path: Assets
  artifactKey: Guid(00000000000000001000000000000000) Importer(815301076,1909f56bfc062723c751e8b465ee728b)
Start importing Assets using Guid(00000000000000001000000000000000) Importer(815301076,1909f56bfc062723c751e8b465ee728b)  -> (artifact id: 'f89434ac489deb914593f829e0a47671') in 0.005941 seconds
  Import took 0.007294 seconds .

========================================================================
Received Import Request.
  Time since last request: 4.201897 seconds.
  path: Assets/Scripts
  artifactKey: Guid(00ff0c6dbfc169d44a434d835803659d) Importer(815301076,1909f56bfc062723c751e8b465ee728b)
Start importing Assets/Scripts using Guid(00ff0c6dbfc169d44a434d835803659d) Importer(815301076,1909f56bfc062723c751e8b465ee728b)  -> (artifact id: '91b16898c59cad140fc093b51b92f81c') in 0.004265 seconds
  Import took 0.005605 seconds .

========================================================================
Received Import Request.
  Time since last request: 6.412896 seconds.
  path: Assets/Prefabs
  artifactKey: Guid(1a37b9a439f88d446be608007359a418) Importer(815301076,1909f56bfc062723c751e8b465ee728b)
Start importing Assets/Prefabs using Guid(1a37b9a439f88d446be608007359a418) Importer(815301076,1909f56bfc062723c751e8b465ee728b)  -> (artifact id: '500b211c9b62a3c340bc8755c51dab7e') in 0.004605 seconds
  Import took 0.006084 seconds .

========================================================================
Received Import Request.
  Time since last request: 10.878571 seconds.
  path: Assets/Materials
  artifactKey: Guid(b5d8247862a40484abaecc960c5b3f3c) Importer(815301076,1909f56bfc062723c751e8b465ee728b)
Start importing Assets/Materials using Guid(b5d8247862a40484abaecc960c5b3f3c) Importer(815301076,1909f56bfc062723c751e8b465ee728b)  -> (artifact id: '3d4c604c6d3bfffe117e4f8063bbbc8a') in 0.004529 seconds
  Import took 0.005951 seconds .

========================================================================
Received Import Request.
  Time since last request: 129.087860 seconds.
  path: Assets/Materials/GroundMaterial.mat
  artifactKey: Guid(28945fb5bbe4ff140ae5757489797848) Importer(815301076,1909f56bfc062723c751e8b465ee728b)
Start importing Assets/Materials/GroundMaterial.mat using Guid(28945fb5bbe4ff140ae5757489797848) Importer(815301076,1909f56bfc062723c751e8b465ee728b)  -> (artifact id: 'e3a633ceba21bfe78e49bce49ee92e44') in 0.067582 seconds
  Import took 0.069246 seconds .

========================================================================
Received Prepare
Registering precompiled user dll's ...
Registered in 0.000399 seconds.
Begin MonoManager ReloadAssembly
Native extension for WindowsStandalone target not found
Refreshing native plugins compatible for Editor in 0.18 ms, found 0 plugins.
Preloading 0 native plugins for Editor in 0.00 ms.
Invoked RoslynAnalysisRunner static constructor.
RoslynAnalysisRunner will not be running.
RoslynAnalysisRunner has terminated.
Mono: successfully reloaded assembly
- Completed reload, in  0.467 seconds
Platform modules already initialized, skipping
Refreshing native plugins compatible for Editor in 0.19 ms, found 0 plugins.
Preloading 0 native plugins for Editor in 0.00 ms.
Unloading 1108 Unused Serialized files (Serialized files now loaded: 0)
System memory in use before: 60.2 MB.
System memory in use after: 60.3 MB.

Unloading 5 unused Assets to reduce memory usage. Loaded Objects now: 1598.
Total: 1.361300 ms (FindLiveObjects: 0.127400 ms CreateObjectMapping: 0.023800 ms MarkObjects: 1.172700 ms  DeleteObjects: 0.036800 ms)

========================================================================
Received Import Request.
  Time since last request: 470.148642 seconds.
  path: Assets/Materials/PlayerMaterial.mat
  artifactKey: Guid(db2b630bf5fc0c346a3730d2255d2124) Importer(815301076,1909f56bfc062723c751e8b465ee728b)
Start importing Assets/Materials/PlayerMaterial.mat using Guid(db2b630bf5fc0c346a3730d2255d2124) Importer(815301076,1909f56bfc062723c751e8b465ee728b)  -> (artifact id: 'ef68fc7e241a6174cb31d48f6a915e7a') in 0.040201 seconds
  Import took 0.041682 seconds .

========================================================================
Received Prepare
Registering precompiled user dll's ...
Registered in 0.000367 seconds.
Begin MonoManager ReloadAssembly
Native extension for WindowsStandalone target not found
Refreshing native plugins compatible for Editor in 0.26 ms, found 0 plugins.
Preloading 0 native plugins for Editor in 0.00 ms.
Invoked RoslynAnalysisRunner static constructor.
RoslynAnalysisRunner will not be running.
RoslynAnalysisRunner has terminated.
Mono: successfully reloaded assembly
- Completed reload, in  0.505 seconds
Platform modules already initialized, skipping
Refreshing native plugins compatible for Editor in 0.19 ms, found 0 plugins.
Preloading 0 native plugins for Editor in 0.00 ms.
Unloading 1109 Unused Serialized files (Serialized files now loaded: 0)
System memory in use before: 60.2 MB.
System memory in use after: 60.3 MB.

Unloading 5 unused Assets to reduce memory usage. Loaded Objects now: 1603.
Total: 1.416400 ms (FindLiveObjects: 0.137500 ms CreateObjectMapping: 0.027200 ms MarkObjects: 1.216600 ms  DeleteObjects: 0.034500 ms)

========================================================================
Received Import Request.
  Time since last request: 244.695837 seconds.
  path: Assets/Scripts/SaveData.cs
  artifactKey: Guid(ba425e208966d94499ef926d7682c489) Importer(815301076,1909f56bfc062723c751e8b465ee728b)
Start importing Assets/Scripts/SaveData.cs using Guid(ba425e208966d94499ef926d7682c489) Importer(815301076,1909f56bfc062723c751e8b465ee728b)  -> (artifact id: 'cb5b5c5e24afc1099b21b6082e0ebd93') in 0.009186 seconds
  Import took 0.010514 seconds .

========================================================================
Received Prepare
Registering precompiled user dll's ...
Registered in 0.000387 seconds.
Begin MonoManager ReloadAssembly
Native extension for WindowsStandalone target not found
Refreshing native plugins compatible for Editor in 0.18 ms, found 0 plugins.
Preloading 0 native plugins for Editor in 0.00 ms.
Invoked RoslynAnalysisRunner static constructor.
RoslynAnalysisRunner will not be running.
RoslynAnalysisRunner has terminated.
Mono: successfully reloaded assembly
- Completed reload, in  0.501 seconds
Platform modules already initialized, skipping
Refreshing native plugins compatible for Editor in 0.18 ms, found 0 plugins.
Preloading 0 native plugins for Editor in 0.00 ms.
Unloading 1109 Unused Serialized files (Serialized files now loaded: 0)
System memory in use before: 60.3 MB.
System memory in use after: 60.3 MB.

Unloading 5 unused Assets to reduce memory usage. Loaded Objects now: 1606.
Total: 1.405100 ms (FindLiveObjects: 0.133300 ms CreateObjectMapping: 0.025500 ms MarkObjects: 1.212600 ms  DeleteObjects: 0.033000 ms)

========================================================================
Received Prepare
Registering precompiled user dll's ...
Registered in 0.000386 seconds.
Begin MonoManager ReloadAssembly
Native extension for WindowsStandalone target not found
Refreshing native plugins compatible for Editor in 0.19 ms, found 0 plugins.
Preloading 0 native plugins for Editor in 0.00 ms.
Invoked RoslynAnalysisRunner static constructor.
RoslynAnalysisRunner will not be running.
RoslynAnalysisRunner has terminated.
Mono: successfully reloaded assembly
- Completed reload, in  0.460 seconds
Platform modules already initialized, skipping
Refreshing native plugins compatible for Editor in 0.20 ms, found 0 plugins.
Preloading 0 native plugins for Editor in 0.00 ms.
Unloading 1109 Unused Serialized files (Serialized files now loaded: 0)
System memory in use before: 60.3 MB.
System memory in use after: 60.3 MB.

Unloading 5 unused Assets to reduce memory usage. Loaded Objects now: 1609.
Total: 1.165900 ms (FindLiveObjects: 0.098200 ms CreateObjectMapping: 0.020200 ms MarkObjects: 1.014100 ms  DeleteObjects: 0.033000 ms)

========================================================================
Received Import Request.
  Time since last request: 126.566650 seconds.
  path: Assets/Scripts/SaveData.cs
  artifactKey: Guid(ba425e208966d94499ef926d7682c489) Importer(815301076,1909f56bfc062723c751e8b465ee728b)
Start importing Assets/Scripts/SaveData.cs using Guid(ba425e208966d94499ef926d7682c489) Importer(815301076,1909f56bfc062723c751e8b465ee728b)  -> (artifact id: '6a05b120387abcc6ab96914ca2a87b23') in 0.003569 seconds
  Import took 0.004923 seconds .

========================================================================
Received Prepare
Registering precompiled user dll's ...
Registered in 0.000392 seconds.
Begin MonoManager ReloadAssembly
Native extension for WindowsStandalone target not found
Refreshing native plugins compatible for Editor in 0.18 ms, found 0 plugins.
Preloading 0 native plugins for Editor in 0.00 ms.
Invoked RoslynAnalysisRunner static constructor.
RoslynAnalysisRunner will not be running.
RoslynAnalysisRunner has terminated.
Mono: successfully reloaded assembly
- Completed reload, in  0.480 seconds
Platform modules already initialized, skipping
Refreshing native plugins compatible for Editor in 0.18 ms, found 0 plugins.
Preloading 0 native plugins for Editor in 0.00 ms.
Unloading 1109 Unused Serialized files (Serialized files now loaded: 0)
System memory in use before: 60.3 MB.
System memory in use after: 60.3 MB.

Unloading 5 unused Assets to reduce memory usage. Loaded Objects now: 1612.
Total: 1.345000 ms (FindLiveObjects: 0.117300 ms CreateObjectMapping: 0.027200 ms MarkObjects: 1.165300 ms  DeleteObjects: 0.034500 ms)

========================================================================
Received Import Request.
  Time since last request: 340.312068 seconds.
  path: Assets/Scripts/PlayerController.cs
  artifactKey: Guid(ad8a5f32a9442c444a60ae5a103382d9) Importer(815301076,1909f56bfc062723c751e8b465ee728b)
Start importing Assets/Scripts/PlayerController.cs using Guid(ad8a5f32a9442c444a60ae5a103382d9) Importer(815301076,1909f56bfc062723c751e8b465ee728b)  -> (artifact id: '4251a98f426c259c4659ba7c9b59a9fc') in 0.007255 seconds
  Import took 0.008898 seconds .

========================================================================
Received Import Request.
  Time since last request: 0.000297 seconds.
  path: Assets/Scripts/PlayerController.cs
  artifactKey: Guid(ad8a5f32a9442c444a60ae5a103382d9) Importer(815301076,1909f56bfc062723c751e8b465ee728b)
Start importing Assets/Scripts/PlayerController.cs using Guid(ad8a5f32a9442c444a60ae5a103382d9) Importer(815301076,1909f56bfc062723c751e8b465ee728b)  -> (artifact id: '4251a98f426c259c4659ba7c9b59a9fc') in 0.001759 seconds
  Import took 0.002805 seconds .

========================================================================
Received Prepare
Registering precompiled user dll's ...
Registered in 0.000349 seconds.
Begin MonoManager ReloadAssembly
Native extension for WindowsStandalone target not found
Refreshing native plugins compatible for Editor in 0.18 ms, found 0 plugins.
Preloading 0 native plugins for Editor in 0.00 ms.
Invoked RoslynAnalysisRunner static constructor.
RoslynAnalysisRunner will not be running.
RoslynAnalysisRunner has terminated.
Mono: successfully reloaded assembly
- Completed reload, in  0.462 seconds
Platform modules already initialized, skipping
Refreshing native plugins compatible for Editor in 0.18 ms, found 0 plugins.
Preloading 0 native plugins for Editor in 0.00 ms.
Unloading 1110 Unused Serialized files (Serialized files now loaded: 0)
System memory in use before: 60.3 MB.
System memory in use after: 60.4 MB.

Unloading 5 unused Assets to reduce memory usage. Loaded Objects now: 1616.
Total: 1.333600 ms (FindLiveObjects: 0.101800 ms CreateObjectMapping: 0.028400 ms MarkObjects: 1.170700 ms  DeleteObjects: 0.032100 ms)

========================================================================
Received Prepare
Registering precompiled user dll's ...
Registered in 0.000375 seconds.
Begin MonoManager ReloadAssembly
Native extension for WindowsStandalone target not found
Refreshing native plugins compatible for Editor in 0.18 ms, found 0 plugins.
Preloading 0 native plugins for Editor in 0.00 ms.
Invoked RoslynAnalysisRunner static constructor.
RoslynAnalysisRunner will not be running.
RoslynAnalysisRunner has terminated.
Mono: successfully reloaded assembly
- Completed reload, in  0.459 seconds
Platform modules already initialized, skipping
Refreshing native plugins compatible for Editor in 0.18 ms, found 0 plugins.
Preloading 0 native plugins for Editor in 0.00 ms.
Unloading 1110 Unused Serialized files (Serialized files now loaded: 0)
System memory in use before: 60.3 MB.
System memory in use after: 60.4 MB.

Unloading 5 unused Assets to reduce memory usage. Loaded Objects now: 1619.
Total: 1.379600 ms (FindLiveObjects: 0.107400 ms CreateObjectMapping: 0.028800 ms MarkObjects: 1.209500 ms  DeleteObjects: 0.033200 ms)

========================================================================
Received Import Request.
  Time since last request: 115.573465 seconds.
  path: Assets/Scripts/PlayerController.cs
  artifactKey: Guid(ad8a5f32a9442c444a60ae5a103382d9) Importer(815301076,1909f56bfc062723c751e8b465ee728b)
Start importing Assets/Scripts/PlayerController.cs using Guid(ad8a5f32a9442c444a60ae5a103382d9) Importer(815301076,1909f56bfc062723c751e8b465ee728b)  -> (artifact id: '19fe1669d7661f934cb904361246f965') in 0.003138 seconds
  Import took 0.004552 seconds .

========================================================================
Received Prepare
Registering precompiled user dll's ...
Registered in 0.000471 seconds.
Begin MonoManager ReloadAssembly
Native extension for WindowsStandalone target not found
Refreshing native plugins compatible for Editor in 0.18 ms, found 0 plugins.
Preloading 0 native plugins for Editor in 0.00 ms.
Invoked RoslynAnalysisRunner static constructor.
RoslynAnalysisRunner will not be running.
RoslynAnalysisRunner has terminated.
Mono: successfully reloaded assembly
- Completed reload, in  0.464 seconds
Platform modules already initialized, skipping
Refreshing native plugins compatible for Editor in 0.18 ms, found 0 plugins.
Preloading 0 native plugins for Editor in 0.00 ms.
Unloading 1110 Unused Serialized files (Serialized files now loaded: 0)
System memory in use before: 60.3 MB.
System memory in use after: 60.4 MB.

Unloading 5 unused Assets to reduce memory usage. Loaded Objects now: 1622.
Total: 1.406000 ms (FindLiveObjects: 0.121700 ms CreateObjectMapping: 0.026100 ms MarkObjects: 1.223500 ms  DeleteObjects: 0.033800 ms)

========================================================================
Received Prepare
Registering precompiled user dll's ...
Registered in 0.000380 seconds.
Begin MonoManager ReloadAssembly
Native extension for WindowsStandalone target not found
Refreshing native plugins compatible for Editor in 0.18 ms, found 0 plugins.
Preloading 0 native plugins for Editor in 0.00 ms.
Invoked RoslynAnalysisRunner static constructor.
RoslynAnalysisRunner will not be running.
RoslynAnalysisRunner has terminated.
Mono: successfully reloaded assembly
- Completed reload, in  0.459 seconds
Platform modules already initialized, skipping
Refreshing native plugins compatible for Editor in 0.18 ms, found 0 plugins.
Preloading 0 native plugins for Editor in 0.00 ms.
Unloading 1110 Unused Serialized files (Serialized files now loaded: 0)
System memory in use before: 60.3 MB.
System memory in use after: 60.4 MB.

Unloading 5 unused Assets to reduce memory usage. Loaded Objects now: 1625.
Total: 1.197200 ms (FindLiveObjects: 0.098700 ms CreateObjectMapping: 0.037400 ms MarkObjects: 1.029300 ms  DeleteObjects: 0.031200 ms)

========================================================================
Received Prepare
Registering precompiled user dll's ...
Registered in 0.000390 seconds.
Begin MonoManager ReloadAssembly
Native extension for WindowsStandalone target not found
Refreshing native plugins compatible for Editor in 0.18 ms, found 0 plugins.
Preloading 0 native plugins for Editor in 0.00 ms.
Invoked RoslynAnalysisRunner static constructor.
RoslynAnalysisRunner will not be running.
RoslynAnalysisRunner has terminated.
Mono: successfully reloaded assembly
- Completed reload, in  0.478 seconds
Platform modules already initialized, skipping
Refreshing native plugins compatible for Editor in 0.20 ms, found 0 plugins.
Preloading 0 native plugins for Editor in 0.00 ms.
Unloading 1110 Unused Serialized files (Serialized files now loaded: 0)
System memory in use before: 60.3 MB.
System memory in use after: 60.4 MB.

Unloading 5 unused Assets to reduce memory usage. Loaded Objects now: 1628.
Total: 1.320000 ms (FindLiveObjects: 0.113500 ms CreateObjectMapping: 0.026600 ms MarkObjects: 1.143900 ms  DeleteObjects: 0.035300 ms)

========================================================================
Received Prepare
Registering precompiled user dll's ...
Registered in 0.000447 seconds.
Begin MonoManager ReloadAssembly
Native extension for WindowsStandalone target not found
Refreshing native plugins compatible for Editor in 0.19 ms, found 0 plugins.
Preloading 0 native plugins for Editor in 0.00 ms.
Invoked RoslynAnalysisRunner static constructor.
RoslynAnalysisRunner will not be running.
RoslynAnalysisRunner has terminated.
Mono: successfully reloaded assembly
- Completed reload, in  0.505 seconds
Platform modules already initialized, skipping
Refreshing native plugins compatible for Editor in 0.18 ms, found 0 plugins.
Preloading 0 native plugins for Editor in 0.00 ms.
Unloading 1110 Unused Serialized files (Serialized files now loaded: 0)
System memory in use before: 60.3 MB.
System memory in use after: 60.4 MB.

Unloading 5 unused Assets to reduce memory usage. Loaded Objects now: 1631.
Total: 1.356100 ms (FindLiveObjects: 0.199200 ms CreateObjectMapping: 0.029000 ms MarkObjects: 1.093100 ms  DeleteObjects: 0.034000 ms)

========================================================================
Received Prepare
Registering precompiled user dll's ...
Registered in 0.000415 seconds.
Begin MonoManager ReloadAssembly
Native extension for WindowsStandalone target not found
Refreshing native plugins compatible for Editor in 0.19 ms, found 0 plugins.
Preloading 0 native plugins for Editor in 0.00 ms.
Invoked RoslynAnalysisRunner static constructor.
RoslynAnalysisRunner will not be running.
RoslynAnalysisRunner has terminated.
Mono: successfully reloaded assembly
- Completed reload, in  0.497 seconds
Platform modules already initialized, skipping
Refreshing native plugins compatible for Editor in 0.18 ms, found 0 plugins.
Preloading 0 native plugins for Editor in 0.00 ms.
Unloading 1110 Unused Serialized files (Serialized files now loaded: 0)
System memory in use before: 60.3 MB.
System memory in use after: 60.4 MB.

Unloading 5 unused Assets to reduce memory usage. Loaded Objects now: 1634.
Total: 1.286000 ms (FindLiveObjects: 0.107700 ms CreateObjectMapping: 0.026800 ms MarkObjects: 1.115300 ms  DeleteObjects: 0.035100 ms)

========================================================================
Received Import Request.
  Time since last request: 654.427351 seconds.
  path: Assets/Scripts/PlayerController.cs
  artifactKey: Guid(ad8a5f32a9442c444a60ae5a103382d9) Importer(815301076,1909f56bfc062723c751e8b465ee728b)
Start importing Assets/Scripts/PlayerController.cs using Guid(ad8a5f32a9442c444a60ae5a103382d9) Importer(815301076,1909f56bfc062723c751e8b465ee728b)  -> (artifact id: '019206ed9d47c54633708261621c1958') in 0.005061 seconds
  Import took 0.006699 seconds .

========================================================================
Received Import Request.
  Time since last request: 0.000537 seconds.
  path: Assets/Scripts/PlayerController.cs
  artifactKey: Guid(ad8a5f32a9442c444a60ae5a103382d9) Importer(815301076,1909f56bfc062723c751e8b465ee728b)
Start importing Assets/Scripts/PlayerController.cs using Guid(ad8a5f32a9442c444a60ae5a103382d9) Importer(815301076,1909f56bfc062723c751e8b465ee728b)  -> (artifact id: '019206ed9d47c54633708261621c1958') in 0.001465 seconds
  Import took 0.002829 seconds .

========================================================================
Received Import Request.
  Time since last request: 0.412475 seconds.
  path: Assets/Scripts/SaveData.cs
  artifactKey: Guid(ba425e208966d94499ef926d7682c489) Importer(815301076,1909f56bfc062723c751e8b465ee728b)
Start importing Assets/Scripts/SaveData.cs using Guid(ba425e208966d94499ef926d7682c489) Importer(815301076,1909f56bfc062723c751e8b465ee728b)  -> (artifact id: 'ea48961df8844c7a4c403f1b99fba0c5') in 0.001766 seconds
  Import took 0.003278 seconds .

========================================================================
Received Import Request.
  Time since last request: 0.033050 seconds.
  path: Assets/Scripts/SaveData.cs
  artifactKey: Guid(ba425e208966d94499ef926d7682c489) Importer(815301076,1909f56bfc062723c751e8b465ee728b)
Start importing Assets/Scripts/SaveData.cs using Guid(ba425e208966d94499ef926d7682c489) Importer(815301076,1909f56bfc062723c751e8b465ee728b)  -> (artifact id: 'ea48961df8844c7a4c403f1b99fba0c5') in 0.001705 seconds
  Import took 0.003047 seconds .

========================================================================
Received Import Request.
  Time since last request: 15.041948 seconds.
  path: Assets/Scripts/WorldManagerScript.cs
  artifactKey: Guid(156227496f913ba4c8a415ec028f8ae5) Importer(815301076,1909f56bfc062723c751e8b465ee728b)
Start importing Assets/Scripts/WorldManagerScript.cs using Guid(156227496f913ba4c8a415ec028f8ae5) Importer(815301076,1909f56bfc062723c751e8b465ee728b)  -> (artifact id: '004d9c5ea07223c0229b0bcd3ef6e858') in 0.005146 seconds
  Import took 0.006792 seconds .

========================================================================
Received Prepare
Registering precompiled user dll's ...
Registered in 0.000358 seconds.
Begin MonoManager ReloadAssembly
Native extension for WindowsStandalone target not found
Refreshing native plugins compatible for Editor in 0.20 ms, found 0 plugins.
Preloading 0 native plugins for Editor in 0.00 ms.
Invoked RoslynAnalysisRunner static constructor.
RoslynAnalysisRunner will not be running.
RoslynAnalysisRunner has terminated.
Mono: successfully reloaded assembly
- Completed reload, in  0.480 seconds
Platform modules already initialized, skipping
Refreshing native plugins compatible for Editor in 0.18 ms, found 0 plugins.
Preloading 0 native plugins for Editor in 0.00 ms.
Unloading 1111 Unused Serialized files (Serialized files now loaded: 0)
System memory in use before: 60.4 MB.
System memory in use after: 60.4 MB.

Unloading 5 unused Assets to reduce memory usage. Loaded Objects now: 1638.
Total: 1.327000 ms (FindLiveObjects: 0.126700 ms CreateObjectMapping: 0.026600 ms MarkObjects: 1.140900 ms  DeleteObjects: 0.032100 ms)

========================================================================
Received Prepare
Registering precompiled user dll's ...
Registered in 0.000350 seconds.
Begin MonoManager ReloadAssembly
Native extension for WindowsStandalone target not found
Refreshing native plugins compatible for Editor in 0.18 ms, found 0 plugins.
Preloading 0 native plugins for Editor in 0.00 ms.
Invoked RoslynAnalysisRunner static constructor.
RoslynAnalysisRunner will not be running.
RoslynAnalysisRunner has terminated.
Mono: successfully reloaded assembly
- Completed reload, in  0.477 seconds
Platform modules already initialized, skipping
Refreshing native plugins compatible for Editor in 0.19 ms, found 0 plugins.
Preloading 0 native plugins for Editor in 0.00 ms.
Unloading 1111 Unused Serialized files (Serialized files now loaded: 0)
System memory in use before: 60.4 MB.
System memory in use after: 60.4 MB.

Unloading 5 unused Assets to reduce memory usage. Loaded Objects now: 1641.
Total: 1.446100 ms (FindLiveObjects: 0.141400 ms CreateObjectMapping: 0.027600 ms MarkObjects: 1.237900 ms  DeleteObjects: 0.038500 ms)

========================================================================
Received Import Request.
  Time since last request: 513.763718 seconds.
  path: Assets/Scripts/WorldManagerScript.cs
  artifactKey: Guid(156227496f913ba4c8a415ec028f8ae5) Importer(815301076,1909f56bfc062723c751e8b465ee728b)
Start importing Assets/Scripts/WorldManagerScript.cs using Guid(156227496f913ba4c8a415ec028f8ae5) Importer(815301076,1909f56bfc062723c751e8b465ee728b)  -> (artifact id: 'c383344109aff59035fa3f5cf6d697bf') in 0.003318 seconds
  Import took 0.004774 seconds .

========================================================================
Received Prepare
Registering precompiled user dll's ...
Registered in 0.000404 seconds.
Begin MonoManager ReloadAssembly
Native extension for WindowsStandalone target not found
Refreshing native plugins compatible for Editor in 0.19 ms, found 0 plugins.
Preloading 0 native plugins for Editor in 0.00 ms.
Invoked RoslynAnalysisRunner static constructor.
RoslynAnalysisRunner will not be running.
RoslynAnalysisRunner has terminated.
Mono: successfully reloaded assembly
- Completed reload, in  0.470 seconds
Platform modules already initialized, skipping
Refreshing native plugins compatible for Editor in 0.18 ms, found 0 plugins.
Preloading 0 native plugins for Editor in 0.00 ms.
Unloading 1111 Unused Serialized files (Serialized files now loaded: 0)
System memory in use before: 60.4 MB.
System memory in use after: 60.4 MB.

Unloading 5 unused Assets to reduce memory usage. Loaded Objects now: 1644.
Total: 1.279100 ms (FindLiveObjects: 0.104900 ms CreateObjectMapping: 0.025500 ms MarkObjects: 1.113600 ms  DeleteObjects: 0.034500 ms)

